This file contains any messages produced by compilers while
running configure, to aid debugging if configure makes a mistake.

It was created by configure, which was
generated by GNU Autoconf 2.59.  Invocation command line was

  $ ./configure --prefix=/home/samuel/sw/pyhep

## --------- ##
## Platform. ##
## --------- ##

hostname = anise.indetermi.net
uname -m = x86_64
uname -r = 2.6.20-1.2948.fc6
uname -s = Linux
uname -v = #1 SMP Fri Apr 27 19:18:54 EDT 2007

/usr/bin/uname -p = unknown
/bin/uname -X     = unknown

/bin/arch              = x86_64
/usr/bin/arch -k       = unknown
/usr/convex/getsysinfo = unknown
hostinfo               = unknown
/bin/machine           = unknown
/usr/bin/oslevel       = unknown
/bin/universe          = unknown

PATH: /home/samuel/local/bin
PATH: /usr/local/bin
PATH: /usr/lib64/qt-3.3/bin
PATH: /usr/kerberos/bin
PATH: /usr/local/bin
PATH: /usr/bin
PATH: /bin
PATH: /usr/X11R6/bin
PATH: /usr/sbin
PATH: /sbin


## ----------- ##
## Core tests. ##
## ----------- ##

configure:1373: checking for gcc
configure:1389: found /usr/bin/gcc
configure:1399: result: gcc
configure:1643: checking for C compiler version
configure:1646: gcc --version </dev/null >&5
gcc (GCC) 4.1.1 20061011 (Red Hat 4.1.1-30)
Copyright (C) 2006 Free Software Foundation, Inc.
This is free software; see the source for copying conditions.  There is NO
warranty; not even for MERCHANTABILITY or FITNESS FOR A PARTICULAR PURPOSE.

configure:1649: $? = 0
configure:1651: gcc -v </dev/null >&5
Using built-in specs.
Target: x86_64-redhat-linux
Configured with: ../configure --prefix=/usr --mandir=/usr/share/man --infodir=/usr/share/info --enable-shared --enable-threads=posix --enable-checking=release --with-system-zlib --enable-__cxa_atexit --disable-libunwind-exceptions --enable-libgcj-multifile --enable-languages=c,c++,objc,obj-c++,java,fortran,ada --enable-java-awt=gtk --disable-dssi --enable-plugin --with-java-home=/usr/lib/jvm/java-1.4.2-gcj-1.4.2.0/jre --with-cpu=generic --host=x86_64-redhat-linux
Thread model: posix
gcc version 4.1.1 20061011 (Red Hat 4.1.1-30)
configure:1654: $? = 0
configure:1656: gcc -V </dev/null >&5
gcc: '-V' option must have argument
configure:1659: $? = 1
configure:1682: checking for C compiler default output file name
configure:1685: gcc    conftest.c  >&5
configure:1688: $? = 0
configure:1734: result: a.out
configure:1739: checking whether the C compiler works
configure:1745: ./a.out
configure:1748: $? = 0
configure:1765: result: yes
configure:1772: checking whether we are cross compiling
configure:1774: result: no
configure:1777: checking for suffix of executables
configure:1779: gcc -o conftest    conftest.c  >&5
configure:1782: $? = 0
configure:1807: result: 
configure:1813: checking for suffix of object files
configure:1834: gcc -c   conftest.c >&5
configure:1837: $? = 0
configure:1859: result: o
configure:1863: checking whether we are using the GNU C compiler
configure:1887: gcc -c   conftest.c >&5
configure:1893: $? = 0
configure:1897: test -z 
			 || test ! -s conftest.err
configure:1900: $? = 0
configure:1903: test -s conftest.o
configure:1906: $? = 0
configure:1919: result: yes
configure:1925: checking whether gcc accepts -g
configure:1946: gcc -c -g  conftest.c >&5
configure:1952: $? = 0
configure:1956: test -z 
			 || test ! -s conftest.err
configure:1959: $? = 0
configure:1962: test -s conftest.o
configure:1965: $? = 0
configure:1976: result: yes
configure:1993: checking for gcc option to accept ANSI C
configure:2063: gcc  -c -g -O2  conftest.c >&5
configure:2069: $? = 0
configure:2073: test -z 
			 || test ! -s conftest.err
configure:2076: $? = 0
configure:2079: test -s conftest.o
configure:2082: $? = 0
configure:2100: result: none needed
configure:2118: gcc -c -g -O2  conftest.c >&5
conftest.c:2: error: expected '=', ',', ';', 'asm' or '__attribute__' before 'me'
configure:2124: $? = 1
configure: failed program was:
| #ifndef __cplusplus
|   choke me
| #endif
configure:2309: checking for g++
configure:2325: found /usr/bin/g++
configure:2335: result: g++
configure:2351: checking for C++ compiler version
configure:2354: g++ --version </dev/null >&5
g++ (GCC) 4.1.1 20061011 (Red Hat 4.1.1-30)
Copyright (C) 2006 Free Software Foundation, Inc.
This is free software; see the source for copying conditions.  There is NO
warranty; not even for MERCHANTABILITY or FITNESS FOR A PARTICULAR PURPOSE.

configure:2357: $? = 0
configure:2359: g++ -v </dev/null >&5
Using built-in specs.
Target: x86_64-redhat-linux
Configured with: ../configure --prefix=/usr --mandir=/usr/share/man --infodir=/usr/share/info --enable-shared --enable-threads=posix --enable-checking=release --with-system-zlib --enable-__cxa_atexit --disable-libunwind-exceptions --enable-libgcj-multifile --enable-languages=c,c++,objc,obj-c++,java,fortran,ada --enable-java-awt=gtk --disable-dssi --enable-plugin --with-java-home=/usr/lib/jvm/java-1.4.2-gcj-1.4.2.0/jre --with-cpu=generic --host=x86_64-redhat-linux
Thread model: posix
gcc version 4.1.1 20061011 (Red Hat 4.1.1-30)
configure:2362: $? = 0
configure:2364: g++ -V </dev/null >&5
g++: '-V' option must have argument
configure:2367: $? = 1
configure:2370: checking whether we are using the GNU C++ compiler
configure:2394: g++ -c   conftest.cc >&5
configure:2400: $? = 0
configure:2404: test -z 
			 || test ! -s conftest.err
configure:2407: $? = 0
configure:2410: test -s conftest.o
configure:2413: $? = 0
configure:2426: result: yes
configure:2432: checking whether g++ accepts -g
configure:2453: g++ -c -g  conftest.cc >&5
configure:2459: $? = 0
configure:2463: test -z 
			 || test ! -s conftest.err
configure:2466: $? = 0
configure:2469: test -s conftest.o
configure:2472: $? = 0
configure:2483: result: yes
configure:2525: g++ -c -g -O2  conftest.cc >&5
configure:2531: $? = 0
configure:2535: test -z 
			 || test ! -s conftest.err
configure:2538: $? = 0
configure:2541: test -s conftest.o
configure:2544: $? = 0
configure:2570: g++ -c -g -O2  conftest.cc >&5
conftest.cc: In function 'int main()':
conftest.cc:13: error: 'exit' was not declared in this scope
configure:2576: $? = 1
configure: failed program was:
| /* confdefs.h.  */
| 
| #define PACKAGE_NAME ""
| #define PACKAGE_TARNAME ""
| #define PACKAGE_VERSION ""
| #define PACKAGE_STRING ""
| #define PACKAGE_BUGREPORT ""
| /* end confdefs.h.  */
| 
| int
| main ()
| {
| exit (42);
|   ;
|   return 0;
| }
configure:2525: g++ -c -g -O2  conftest.cc >&5
configure:2531: $? = 0
configure:2535: test -z 
			 || test ! -s conftest.err
configure:2538: $? = 0
configure:2541: test -s conftest.o
configure:2544: $? = 0
configure:2570: g++ -c -g -O2  conftest.cc >&5
configure:2576: $? = 0
configure:2580: test -z 
			 || test ! -s conftest.err
configure:2583: $? = 0
configure:2586: test -s conftest.o
configure:2589: $? = 0
configure:2663: checking for f95
configure:2679: found /usr/bin/f95
configure:2689: result: f95
configure:2704: checking for Fortran compiler version
configure:2707: f95 --version </dev/null >&5
GNU Fortran 95 (GCC) 4.1.1 20061011 (Red Hat 4.1.1-30)
Copyright (C) 2006 Free Software Foundation, Inc.

GNU Fortran comes with NO WARRANTY, to the extent permitted by law.
You may redistribute copies of GNU Fortran
under the terms of the GNU General Public License.
For more information about these matters, see the file named COPYING

configure:2710: $? = 0
configure:2712: f95 -v </dev/null >&5
Using built-in specs.
Target: x86_64-redhat-linux
Configured with: ../configure --prefix=/usr --mandir=/usr/share/man --infodir=/usr/share/info --enable-shared --enable-threads=posix --enable-checking=release --with-system-zlib --enable-__cxa_atexit --disable-libunwind-exceptions --enable-libgcj-multifile --enable-languages=c,c++,objc,obj-c++,java,fortran,ada --enable-java-awt=gtk --disable-dssi --enable-plugin --with-java-home=/usr/lib/jvm/java-1.4.2-gcj-1.4.2.0/jre --with-cpu=generic --host=x86_64-redhat-linux
Thread model: posix
gcc version 4.1.1 20061011 (Red Hat 4.1.1-30)
configure:2715: $? = 0
configure:2717: f95 -V </dev/null >&5
f95: '-V' option must have argument
configure:2720: $? = 1
configure:2728: checking whether we are using the GNU Fortran compiler
configure:2742: f95 -c   conftest.F >&5
configure:2748: $? = 0
configure:2752: test -z 
			 || test ! -s conftest.err
configure:2755: $? = 0
configure:2758: test -s conftest.o
configure:2761: $? = 0
configure:2774: result: yes
configure:2780: checking whether f95 accepts -g
configure:2792: f95 -c -g  conftest.f >&5
configure:2798: $? = 0
configure:2802: test -z 
			 || test ! -s conftest.err
configure:2805: $? = 0
configure:2808: test -s conftest.o
configure:2811: $? = 0
configure:2823: result: yes
configure:2885: checking for a BSD-compatible install
configure:2940: result: /usr/bin/install -c
configure:2974: checking how to run the C preprocessor
configure:3009: gcc -E  conftest.c
configure:3015: $? = 0
configure:3047: gcc -E  conftest.c
conftest.c:12:28: error: ac_nonexistent.h: No such file or directory
configure:3053: $? = 1
configure: failed program was:
| /* confdefs.h.  */
| 
| #define PACKAGE_NAME ""
| #define PACKAGE_TARNAME ""
| #define PACKAGE_VERSION ""
| #define PACKAGE_STRING ""
| #define PACKAGE_BUGREPORT ""
| #ifdef __cplusplus
| extern "C" void std::exit (int) throw (); using std::exit;
| #endif
| /* end confdefs.h.  */
| #include <ac_nonexistent.h>
configure:3092: result: gcc -E
configure:3116: gcc -E  conftest.c
configure:3122: $? = 0
configure:3154: gcc -E  conftest.c
conftest.c:12:28: error: ac_nonexistent.h: No such file or directory
configure:3160: $? = 1
configure: failed program was:
| /* confdefs.h.  */
| 
| #define PACKAGE_NAME ""
| #define PACKAGE_TARNAME ""
| #define PACKAGE_VERSION ""
| #define PACKAGE_STRING ""
| #define PACKAGE_BUGREPORT ""
| #ifdef __cplusplus
| extern "C" void std::exit (int) throw (); using std::exit;
| #endif
| /* end confdefs.h.  */
| #include <ac_nonexistent.h>
configure:3204: checking for egrep
configure:3214: result: grep -E
configure:3219: checking for ANSI C header files
configure:3244: gcc -c -g -O2 -Wall  conftest.c >&5
configure:3250: $? = 0
configure:3254: test -z 
			 || test ! -s conftest.err
configure:3257: $? = 0
configure:3260: test -s conftest.o
configure:3263: $? = 0
configure:3352: gcc -o conftest -g -O2 -Wall   conftest.c  >&5
conftest.c: In function 'main':
conftest.c:29: warning: implicit declaration of function 'exit'
conftest.c:29: warning: incompatible implicit declaration of built-in function 'exit'
configure:3355: $? = 0
configure:3357: ./conftest
configure:3360: $? = 0
configure:3375: result: yes
configure:3399: checking for sys/types.h
configure:3415: gcc -c -g -O2 -Wall  conftest.c >&5
configure:3421: $? = 0
configure:3425: test -z 
			 || test ! -s conftest.err
configure:3428: $? = 0
configure:3431: test -s conftest.o
configure:3434: $? = 0
configure:3445: result: yes
configure:3399: checking for sys/stat.h
configure:3415: gcc -c -g -O2 -Wall  conftest.c >&5
configure:3421: $? = 0
configure:3425: test -z 
			 || test ! -s conftest.err
configure:3428: $? = 0
configure:3431: test -s conftest.o
configure:3434: $? = 0
configure:3445: result: yes
configure:3399: checking for stdlib.h
configure:3415: gcc -c -g -O2 -Wall  conftest.c >&5
configure:3421: $? = 0
configure:3425: test -z 
			 || test ! -s conftest.err
configure:3428: $? = 0
configure:3431: test -s conftest.o
configure:3434: $? = 0
configure:3445: result: yes
configure:3399: checking for string.h
configure:3415: gcc -c -g -O2 -Wall  conftest.c >&5
configure:3421: $? = 0
configure:3425: test -z 
			 || test ! -s conftest.err
configure:3428: $? = 0
configure:3431: test -s conftest.o
configure:3434: $? = 0
configure:3445: result: yes
configure:3399: checking for memory.h
configure:3415: gcc -c -g -O2 -Wall  conftest.c >&5
configure:3421: $? = 0
configure:3425: test -z 
			 || test ! -s conftest.err
configure:3428: $? = 0
configure:3431: test -s conftest.o
configure:3434: $? = 0
configure:3445: result: yes
configure:3399: checking for strings.h
configure:3415: gcc -c -g -O2 -Wall  conftest.c >&5
configure:3421: $? = 0
configure:3425: test -z 
			 || test ! -s conftest.err
configure:3428: $? = 0
configure:3431: test -s conftest.o
configure:3434: $? = 0
configure:3445: result: yes
configure:3399: checking for inttypes.h
configure:3415: gcc -c -g -O2 -Wall  conftest.c >&5
configure:3421: $? = 0
configure:3425: test -z 
			 || test ! -s conftest.err
configure:3428: $? = 0
configure:3431: test -s conftest.o
configure:3434: $? = 0
configure:3445: result: yes
configure:3399: checking for stdint.h
configure:3415: gcc -c -g -O2 -Wall  conftest.c >&5
configure:3421: $? = 0
configure:3425: test -z 
			 || test ! -s conftest.err
configure:3428: $? = 0
configure:3431: test -s conftest.o
configure:3434: $? = 0
configure:3445: result: yes
configure:3399: checking for unistd.h
configure:3415: gcc -c -g -O2 -Wall  conftest.c >&5
configure:3421: $? = 0
configure:3425: test -z 
			 || test ! -s conftest.err
configure:3428: $? = 0
configure:3431: test -s conftest.o
configure:3434: $? = 0
configure:3445: result: yes
configure:3457: checking for void*
configure:3481: gcc -c -g -O2 -Wall  conftest.c >&5
configure:3487: $? = 0
configure:3491: test -z 
			 || test ! -s conftest.err
configure:3494: $? = 0
configure:3497: test -s conftest.o
configure:3500: $? = 0
configure:3511: result: yes
configure:3514: checking size of void*
configure:3833: gcc -o conftest -g -O2 -Wall   conftest.c  >&5
configure:3836: $? = 0
configure:3838: ./conftest
configure:3841: $? = 0
configure:3864: result: 8
configure:3929: checking for python2.2
configure:3962: result: no
configure:3929: checking for python2
configure:3947: found /usr/bin/python2
configure:3959: result: /usr/bin/python2
configure:3985: checking Python version
configure:4003: result: 2.4
configure:4027: checking for X
configure:4132: gcc -E  conftest.c
configure:4138: $? = 0
configure:4257: result: libraries /usr/lib64, headers 
configure:4429: gcc -o conftest -g -O2 -Wall   conftest.c   -L/usr/lib64 -lX11 >&5
configure:4435: $? = 0
configure:4439: test -z 
			 || test ! -s conftest.err
configure:4442: $? = 0
configure:4445: test -s conftest
configure:4448: $? = 0
configure:4606: checking for gethostbyname
configure:4663: gcc -o conftest -g -O2 -Wall   conftest.c  >&5
configure:4669: $? = 0
configure:4673: test -z 
			 || test ! -s conftest.err
configure:4676: $? = 0
configure:4679: test -s conftest
configure:4682: $? = 0
configure:4694: result: yes
configure:4845: checking for connect
configure:4902: gcc -o conftest -g -O2 -Wall   conftest.c  >&5
configure:4908: $? = 0
configure:4912: test -z 
			 || test ! -s conftest.err
configure:4915: $? = 0
configure:4918: test -s conftest
configure:4921: $? = 0
configure:4933: result: yes
configure:5008: checking for remove
configure:5065: gcc -o conftest -g -O2 -Wall   conftest.c  >&5
configure:5071: $? = 0
configure:5075: test -z 
			 || test ! -s conftest.err
configure:5078: $? = 0
configure:5081: test -s conftest
configure:5084: $? = 0
configure:5096: result: yes
configure:5171: checking for shmat
configure:5228: gcc -o conftest -g -O2 -Wall   conftest.c  >&5
configure:5234: $? = 0
configure:5238: test -z 
			 || test ! -s conftest.err
configure:5241: $? = 0
configure:5244: test -s conftest
configure:5247: $? = 0
configure:5259: result: yes
configure:5343: checking for IceConnectionNumber in -lICE
configure:5373: gcc -o conftest -g -O2 -Wall   -L/usr/lib64 conftest.c -lICE   >&5
configure:5379: $? = 0
configure:5383: test -z 
			 || test ! -s conftest.err
configure:5386: $? = 0
configure:5389: test -s conftest
configure:5392: $? = 0
configure:5405: result: yes
configure:5429: checking for xft-config
configure:5462: result: no
configure:5567: checking for imlib-config
configure:5585: found /usr/bin/imlib-config
configure:5597: result: /usr/bin/imlib-config
configure:5637: checking for swig
configure:5655: found /usr/bin/swig
configure:5667: result: /usr/bin/swig
configure:5682: checking SWIG
configure:5689: result: /usr/bin/swig
configure:5692: checking SWIG version
configure:5695: result: 1.3.31
configure:5904: creating ./config.status

## ---------------------- ##
## Running config.status. ##
## ---------------------- ##

This file was extended by config.status, which was
generated by GNU Autoconf 2.59.  Invocation command line was

  CONFIG_FILES    = 
  CONFIG_HEADERS  = 
  CONFIG_LINKS    = 
  CONFIG_COMMANDS = 
  $ ./config.status 

on anise.indetermi.net

config.status:680: creating config.mk
config.status:680: creating py/hep/config.py
config.status:680: creating scripts/pyhep
config.status:680: creating pyhep.spec
config.status:784: creating ext/config.h
config.status:888: ext/config.h is unchanged

## ---------------- ##
## Cache variables. ##
## ---------------- ##

ac_cv_c_compiler_gnu=yes
ac_cv_cxx_compiler_gnu=yes
ac_cv_env_CC_set=
ac_cv_env_CC_value=
ac_cv_env_CFLAGS_set=
ac_cv_env_CFLAGS_value=
ac_cv_env_CPPFLAGS_set=
ac_cv_env_CPPFLAGS_value=
ac_cv_env_CPP_set=
ac_cv_env_CPP_value=
ac_cv_env_CXXFLAGS_set=
ac_cv_env_CXXFLAGS_value=
ac_cv_env_CXX_set=
ac_cv_env_CXX_value=
ac_cv_env_FCFLAGS_set=
ac_cv_env_FCFLAGS_value=
ac_cv_env_FC_set=
ac_cv_env_FC_value=
ac_cv_env_LDFLAGS_set=
ac_cv_env_LDFLAGS_value=
ac_cv_env_build_alias_set=
ac_cv_env_build_alias_value=
ac_cv_env_host_alias_set=
ac_cv_env_host_alias_value=
ac_cv_env_target_alias_set=
ac_cv_env_target_alias_value=
ac_cv_exeext=
ac_cv_fc_compiler_gnu=yes
ac_cv_func_connect=yes
ac_cv_func_gethostbyname=yes
ac_cv_func_remove=yes
ac_cv_func_shmat=yes
ac_cv_have_x='have_x=yes 		ac_x_includes= ac_x_libraries=/usr/lib64'
ac_cv_header_inttypes_h=yes
ac_cv_header_memory_h=yes
ac_cv_header_stdc=yes
ac_cv_header_stdint_h=yes
ac_cv_header_stdlib_h=yes
ac_cv_header_string_h=yes
ac_cv_header_strings_h=yes
ac_cv_header_sys_stat_h=yes
ac_cv_header_sys_types_h=yes
ac_cv_header_unistd_h=yes
ac_cv_lib_ICE_IceConnectionNumber=yes
ac_cv_objext=o
ac_cv_path_PYTHON=/usr/bin/python2
ac_cv_path_SWIG=/usr/bin/swig
ac_cv_path_imlib_config=/usr/bin/imlib-config
ac_cv_path_install='/usr/bin/install -c'
ac_cv_prog_CPP='gcc -E'
ac_cv_prog_ac_ct_CC=gcc
ac_cv_prog_ac_ct_CXX=g++
ac_cv_prog_ac_ct_FC=f95
ac_cv_prog_cc_g=yes
ac_cv_prog_cc_stdc=
ac_cv_prog_cxx_g=yes
ac_cv_prog_egrep='grep -E'
ac_cv_prog_fc_g=yes
ac_cv_sizeof_voidp=8
ac_cv_type_voidp=yes

## ----------------- ##
## Output variables. ##
## ----------------- ##

BASEDIR='/home/samuel/dev/pyhep/py'
CC='gcc'
CERN_PREFIX='no'
CFLAGS='-g -O2 -Wall'
CPP='gcc -E'
CPPFLAGS=''
CXX='g++'
CXXFLAGS='-g -O2 -Wall'
DEFS='-DHAVE_CONFIG_H'
ECHO_C=''
ECHO_N='-n'
ECHO_T=''
EGREP='grep -E'
ENABLE_DOCS='no'
EVTGEN_PREFIX='no'
EXEEXT=''
FC='f95'
FCFLAGS='-g -O2'
IMLIB_CFLAGS=''
IMLIB_LIBS='-L/usr/lib64 -lImlib -ljpeg -ltiff -lungif -lpng -lz -lm -lXext -L/usr/lib64 -lXext -lX11'
INSTALL_DATA='${INSTALL} -m 644'
INSTALL_PROGRAM='${INSTALL}'
INSTALL_SCRIPT='${INSTALL}'
LDFLAGS=''
LIBOBJS=''
LIBS=''
LTLIBOBJS=''
OBJEXT='o'
PACKAGE_BUGREPORT=''
PACKAGE_NAME=''
PACKAGE_STRING=''
PACKAGE_TARNAME=''
PACKAGE_VERSION=''
PATH_SEPARATOR=':'
PYTHON='/usr/bin/python2'
PYTHON_PREFIX='/usr'
PYTHON_VERSION='2.4'
ROOT_PREFIX='no'
SHELL='/bin/sh'
SOURCE_PREFIX='/home/samuel/dev/pyhep'
SWIG='/usr/bin/swig'
SWIGVERSION='1.3.31'
VERSION='0.8.1'
XFT_CFLAGS='-I/usr/include/freetype2  '
XFT_LIBS='-lXft -lXrender -lfontconfig -lfreetype -lX11  '
X_CFLAGS=''
X_EXTRA_LIBS=''
X_LIBS=' -L/usr/lib64'
X_PRE_LIBS=' -lSM -lICE'
ac_ct_CC='gcc'
ac_ct_CXX='g++'
ac_ct_FC='f95'
bindir='${exec_prefix}/bin'
build_alias=''
datadir='${prefix}/share'
exec_prefix='${prefix}'
host_alias=''
imlib_config='/usr/bin/imlib-config'
includedir='${prefix}/include'
infodir='${prefix}/info'
libdir='${exec_prefix}/lib'
libexecdir='${exec_prefix}/libexec'
localstatedir='${prefix}/var'
mandir='${prefix}/man'
oldincludedir='/usr/include'
prefix='/home/samuel/sw/pyhep'
program_transform_name='s,x,x,'
sbindir='${exec_prefix}/sbin'
sharedstatedir='${prefix}/com'
sysconfdir='${prefix}/etc'
target_alias=''
xft_config='pkg-config'

## ----------- ##
## confdefs.h. ##
## ----------- ##

#define HAVE_INTTYPES_H 1
#define HAVE_MEMORY_H 1
#define HAVE_STDINT_H 1
#define HAVE_STDLIB_H 1
#define HAVE_STRINGS_H 1
#define HAVE_STRING_H 1
#define HAVE_SYS_STAT_H 1
#define HAVE_SYS_TYPES_H 1
#define HAVE_UNISTD_H 1
#define PACKAGE_BUGREPORT ""
#define PACKAGE_NAME ""
#define PACKAGE_STRING ""
#define PACKAGE_TARNAME ""
#define PACKAGE_VERSION ""
#define SIZEOF_VOIDP 8
#define STDC_HEADERS 1
#endif
#ifdef __cplusplus
extern "C" void std::exit (int) throw (); using std::exit;

configure: exit 0
